<?xml version="1.0" encoding="UTF-8"?>
<testng-results ignored="0" total="2" passed="2" failed="0" skipped="0">
  <reporter-output>
  </reporter-output>
  <suite started-at="2025-05-13T23:29:10 IST" name="Default suite" finished-at="2025-05-13T23:29:14 IST" duration-ms="3991">
    <groups>
      <group name="SmokeSuite">
        <method signature="S1_AddProductToCartTest.tc_01_AddProductToCartTest()[pri:0, instance:inventoryTest.S1_AddProductToCartTest@5d7148e2]" name="tc_01_AddProductToCartTest" class="inventoryTest.S1_AddProductToCartTest"/>
      </group> <!-- SmokeSuite -->
    </groups>
    <test started-at="2025-05-13T23:29:10 IST" name="Default test" finished-at="2025-05-13T23:29:14 IST" duration-ms="3991">
      <class name="inventoryTest.S1_AddProductToCartTest">
        <test-method is-config="true" signature="bsConfig()[pri:0, instance:inventoryTest.S1_AddProductToCartTest@5d7148e2]" started-at="2025-05-13T23:29:10 IST" name="bsConfig" finished-at="2025-05-13T23:29:10 IST" duration-ms="7" status="PASS">
          <reporter-output>
          </reporter-output>
        </test-method> <!-- bsConfig -->
        <test-method is-config="true" signature="bcConfig()[pri:0, instance:inventoryTest.S1_AddProductToCartTest@5d7148e2]" started-at="2025-05-13T23:29:11 IST" name="bcConfig" finished-at="2025-05-13T23:29:12 IST" duration-ms="1538" status="PASS">
          <reporter-output>
          </reporter-output>
        </test-method> <!-- bcConfig -->
        <test-method is-config="true" signature="bmConfig()[pri:0, instance:inventoryTest.S1_AddProductToCartTest@5d7148e2]" started-at="2025-05-13T23:29:12 IST" name="bmConfig" finished-at="2025-05-13T23:29:13 IST" duration-ms="386" status="PASS">
          <reporter-output>
          </reporter-output>
        </test-method> <!-- bmConfig -->
        <test-method signature="samppleTest()[pri:0, instance:inventoryTest.S1_AddProductToCartTest@5d7148e2]" started-at="2025-05-13T23:29:13 IST" name="samppleTest" finished-at="2025-05-13T23:29:13 IST" duration-ms="47" status="PASS">
          <reporter-output>
          </reporter-output>
        </test-method> <!-- samppleTest -->
        <test-method is-config="true" signature="amConfig()[pri:0, instance:inventoryTest.S1_AddProductToCartTest@5d7148e2]" started-at="2025-05-13T23:29:13 IST" name="amConfig" finished-at="2025-05-13T23:29:13 IST" duration-ms="267" status="PASS">
          <reporter-output>
          </reporter-output>
        </test-method> <!-- amConfig -->
        <test-method is-config="true" signature="bmConfig()[pri:0, instance:inventoryTest.S1_AddProductToCartTest@5d7148e2]" started-at="2025-05-13T23:29:13 IST" name="bmConfig" finished-at="2025-05-13T23:29:13 IST" duration-ms="268" status="PASS">
          <reporter-output>
          </reporter-output>
        </test-method> <!-- bmConfig -->
        <test-method signature="tc_01_AddProductToCartTest()[pri:0, instance:inventoryTest.S1_AddProductToCartTest@5d7148e2]" started-at="2025-05-13T23:29:13 IST" name="tc_01_AddProductToCartTest" finished-at="2025-05-13T23:29:14 IST" duration-ms="919" status="PASS">
          <reporter-output>
          </reporter-output>
        </test-method> <!-- tc_01_AddProductToCartTest -->
        <test-method is-config="true" signature="amConfig()[pri:0, instance:inventoryTest.S1_AddProductToCartTest@5d7148e2]" started-at="2025-05-13T23:29:14 IST" name="amConfig" finished-at="2025-05-13T23:29:14 IST" duration-ms="193" status="PASS">
          <reporter-output>
          </reporter-output>
        </test-method> <!-- amConfig -->
        <test-method is-config="true" signature="acConfig()[pri:0, instance:inventoryTest.S1_AddProductToCartTest@5d7148e2]" started-at="2025-05-13T23:29:14 IST" name="acConfig" finished-at="2025-05-13T23:29:14 IST" duration-ms="94" status="PASS">
          <reporter-output>
          </reporter-output>
        </test-method> <!-- acConfig -->
        <test-method is-config="true" signature="asConfig()[pri:0, instance:inventoryTest.S1_AddProductToCartTest@5d7148e2]" started-at="2025-05-13T23:29:15 IST" name="asConfig" finished-at="2025-05-13T23:29:15 IST" duration-ms="1" status="PASS">
          <reporter-output>
          </reporter-output>
        </test-method> <!-- asConfig -->
      </class> <!-- inventoryTest.S1_AddProductToCartTest -->
    </test> <!-- Default test -->
  </suite> <!-- Default suite -->
</testng-results>
